[2026-06-22T21:04:53.115] [DEBUG] debug-file - env: nodejsVersion=v18.20.1
[2026-06-22T21:04:53.677] [DEBUG] debug-file - Hvigor init with startParameters:{
  hvigorfileTypeCheck: false,
  parallelExecution: true,
  incrementalExecution: true,
  printStackTrace: false,
  daemon: false,
  analyze: 0,
  logLevel: Level { level: 20000, levelStr: 'INFO', colour: 'green' },
  optimizationStrategy: 'memory',
  hotCompile: undefined,
  hotReloadBuild: undefined,
  customizedParam: undefined
}
[2026-06-22T21:04:57.127] [DEBUG] debug-file - hvigorfile, require result:  { appTasks: [Getter] }
[2026-06-22T21:04:57.129] [DEBUG] debug-file - Starting plugin build process
[2026-06-22T21:04:57.273] [DEBUG] debug-file - App plugin register hook start...
[2026-06-22T21:04:57.277] [DEBUG] debug-file - Obtain build option for product 'default'in this build.
[2026-06-22T21:04:57.288] [DEBUG] debug-file - Start recording SDK configuration permission data.
[2026-06-22T21:04:57.274] [DEBUG] debug-file - Start initialize project's product build option map with build mode debug.
[2026-06-22T21:04:57.342] [DEBUG] debug-file - Start initialize module-target build option map, moduleName=entry, buildMode=release
[2026-06-22T21:04:57.331] [DEBUG] debug-file - failed to load cangjie to dynamically generate schemas: Error: Cannot find module '@ohos/cangjie-build-support/index'
Require stack:
- C:\Program Files\Huawei\DevEco Studio\tools\hvigor\hvigor-ohos-plugin\src\plugin\hooks\cangjie-register.js
- C:\Program Files\Huawei\DevEco Studio\tools\hvigor\hvigor-ohos-plugin\src\plugin\strategy\stage-init-strategy.js
- C:\Program Files\Huawei\DevEco Studio\tools\hvigor\hvigor-ohos-plugin\src\plugin\builder\abstract-plugin-builder.js
- C:\Program Files\Huawei\DevEco Studio\tools\hvigor\hvigor-ohos-plugin\src\plugin\builder\app-plugin-builder.js
- C:\Program Files\Huawei\DevEco Studio\tools\hvigor\hvigor-ohos-plugin\src\plugin\factory\plugin-factory.js
- C:\Program Files\Huawei\DevEco Studio\tools\hvigor\hvigor-ohos-plugin\index.js
- D:\code2\SimpleCalculator-master\hvigorfile.ts
- C:\Program Files\Huawei\DevEco Studio\tools\hvigor\hvigor\src\base\internal\lifecycle\configuration.js
- C:\Program Files\Huawei\DevEco Studio\tools\hvigor\hvigor\src\base\boot\index.js
- C:\Program Files\Huawei\DevEco Studio\tools\hvigor\hvigor\src\cli\main\cli.js
- C:\Program Files\Huawei\DevEco Studio\tools\hvigor\hvigor\bin\hvigor.js
[2026-06-22T21:04:57.348] [DEBUG] debug-file - project has submodules:entry
[2026-06-22T21:04:57.324] [DEBUG] debug-file - Project task initialization takes 5 ms 
[2026-06-22T21:04:53.116] [DEBUG] debug-file - env: hvigor-config.json5 content = { modelVersion: '5.0.5', dependencies: {} }
[2026-06-22T21:04:57.350] [DEBUG] debug-file - start to load updatedOhPackageInfo to the disk
[2026-06-22T21:04:57.356] [DEBUG] debug-file - Start to initialize dependency information.
[2026-06-22T21:04:57.363] [DEBUG] debug-file - entry : clean cost memory 0.1085357666015625
[2026-06-22T21:04:53.677] [DEBUG] debug-file - Since current hvigor version 6.22.4 differs from last hvigor version 
      undefined, delete file-cache.json and task-cache.json.
[2026-06-22T21:04:57.402] [DEBUG] debug-file - Create  resident worker with id: 0.
[2026-06-22T21:04:57.127] [DEBUG] debug-file - hvigorfile, binding system plugins { appTasks: [Getter] }
[2026-06-22T21:04:57.129] [DEBUG] debug-file - App plugin prepare start...
[2026-06-22T21:04:57.273] [DEBUG] debug-file - App plugin register hook end...
[2026-06-22T21:04:57.278] [DEBUG] debug-file - No signingConfig found, initRemoteHspCache failed.
[2026-06-22T21:04:57.318] [DEBUG] debug-file - Sdk init in 39 ms 
[2026-06-22T21:04:57.275] [DEBUG] debug-file - Picking option from product 'default' with build mode 'debug'.
[2026-06-22T21:04:57.342] [DEBUG] debug-file - Target 'default' config initialized
[2026-06-22T21:04:57.324] [DEBUG] debug-file - hvigorfile, resolve finished D:\code2\SimpleCalculator-master\hvigorfile.ts
[2026-06-22T21:04:53.118] [DEBUG] debug-file - env: daemon=false
[2026-06-22T21:04:57.352] [DEBUG] debug-file - load to the disk finished
[2026-06-22T21:04:57.357] [DEBUG] debug-file - Module entry Collected Dependency: 
[2026-06-22T21:04:57.363] [DEBUG] debug-file - runTaskFromQueue task cost before running: 3 s 693 ms 
[2026-06-22T21:04:53.678] [DEBUG] debug-file - Cache service initialization finished in 1 ms 
[2026-06-22T21:04:57.407] [DEBUG] debug-file - Create  resident worker with id: 1.
[2026-06-22T21:04:57.129] [DEBUG] debug-file - App plugin prepare end...
[2026-06-22T21:04:57.273] [DEBUG] debug-file - Plugin build process completed
[2026-06-22T21:04:57.280] [DEBUG] debug-file - Local scan or download HarmonyOS sdk components toolchains,ets,js,native,previewer
[2026-06-22T21:04:57.275] [DEBUG] debug-file - Product 'default' build option initialized
[2026-06-22T21:04:57.342] [DEBUG] debug-file - Module 'entry' target 'default' build option initialized
[2026-06-22T21:04:57.325] [DEBUG] debug-file - hvigorfile, resolving D:\code2\SimpleCalculator-master\entry\hvigorfile.ts
[2026-06-22T21:04:53.118] [DEBUG] debug-file - no-daemon, use the parent process.execArgv --max-old-space-size=8192,--max-semi-space-size=16,--expose-gc
[2026-06-22T21:04:57.353] [DEBUG] debug-file - Start to initialize dependency information.
[2026-06-22T21:04:57.357] [DEBUG] debug-file - Module entry's total dependency: 0
[2026-06-22T21:04:57.364] [INFO] debug-file - Finished :entry:clean... after 2 ms 
[2026-06-22T21:04:53.679] [DEBUG] debug-file - hvigorfile, resolving D:\code2\SimpleCalculator-master\hvigorfile.ts
[2026-06-22T21:04:57.410] [DEBUG] debug-file - Current worker pool is stopped or closed.
[2026-06-22T21:04:57.129] [DEBUG] debug-file - App plugin creating...
[2026-06-22T21:04:57.284] [DEBUG] debug-file - Local scan or download hmscore sdk components toolchains,ets,native
[2026-06-22T21:04:57.275] [DEBUG] debug-file - End initialize project's product build option map with build mode 'debug'.
[2026-06-22T21:04:57.342] [DEBUG] debug-file - End initialize module-target build option map, moduleName=entry
[2026-06-22T21:04:57.330] [DEBUG] debug-file - hvigorfile, require result:  { hapTasks: [Getter] }
[2026-06-22T21:04:57.354] [DEBUG] debug-file - Module SimpleCalculator-master Collected Dependency: 
[2026-06-22T21:04:57.359] [DEBUG] debug-file - Configuration phase cost:3 s 682 ms 
[2026-06-22T21:04:57.364] [DEBUG] debug-file - Executing task ::clean
[2026-06-22T21:04:57.411] [DEBUG] debug-file - Clear worker 0.
[2026-06-22T21:04:57.342] [DEBUG] debug-file - Start initialize module-target build option map, moduleName=entry, buildMode=debug
[2026-06-22T21:04:57.330] [DEBUG] debug-file - hvigorfile, binding system plugins { hapTasks: [Getter] }
[2026-06-22T21:04:57.354] [DEBUG] debug-file - Module SimpleCalculator-master's total dependency: 0
[2026-06-22T21:04:57.361] [DEBUG] debug-file - Configuration task cost before running: 3 s 691 ms 
[2026-06-22T21:04:57.364] [DEBUG] debug-file - clean: Worker pool is inactive.
[2026-06-22T21:04:57.411] [DEBUG] debug-file - Worker 0 has been cleared.
[2026-06-22T21:04:57.342] [DEBUG] debug-file - Target 'default' config initialized
[2026-06-22T21:04:57.330] [DEBUG] debug-file - Starting plugin build process
[2026-06-22T21:04:57.361] [DEBUG] debug-file - Executing task :entry:clean
[2026-06-22T21:04:57.364] [DEBUG] debug-file - SimpleCalculator-master : clean cost memory 0.01972198486328125
[2026-06-22T21:04:57.411] [DEBUG] debug-file - Current idle worker size: 1.
[2026-06-22T21:04:57.343] [DEBUG] debug-file - Module 'entry' target 'default' build option initialized
[2026-06-22T21:04:57.365] [DEBUG] debug-file - runTaskFromQueue task cost before running: 3 s 695 ms 
[2026-06-22T21:04:57.362] [DEBUG] debug-file - clean: Worker pool is inactive.
[2026-06-22T21:04:57.411] [DEBUG] debug-file - Current busy worker size: 0.
[2026-06-22T21:04:57.343] [DEBUG] debug-file - End initialize module-target build option map, moduleName=entry
[2026-06-22T21:04:57.330] [DEBUG] debug-file - Hap plugin creating...
[2026-06-22T21:04:57.411] [DEBUG] debug-file - Clear worker 1.
[2026-06-22T21:04:57.343] [DEBUG] debug-file - Start initialize module-target build option map, moduleName=entry, buildMode=debug
[2026-06-22T21:04:57.411] [DEBUG] debug-file - Worker 1 has been cleared.
[2026-06-22T21:04:57.365] [INFO] debug-file - Finished ::clean... after 1 ms 
[2026-06-22T21:04:57.343] [DEBUG] debug-file - Target 'default' config initialized
[2026-06-22T21:04:57.411] [DEBUG] debug-file - Current idle worker size: 0.
[2026-06-22T21:04:57.365] [DEBUG] debug-file - Executing task :entry:init
[2026-06-22T21:04:57.343] [DEBUG] debug-file - Module 'entry' target 'default' build option initialized
[2026-06-22T21:04:57.411] [DEBUG] debug-file - Current busy worker size: 0.
[2026-06-22T21:04:57.366] [DEBUG] debug-file - entry : init cost memory 0.01265716552734375
[2026-06-22T21:04:57.343] [DEBUG] debug-file - End initialize module-target build option map, moduleName=entry
[2026-06-22T21:04:57.412] [DEBUG] debug-file - hvigor build process will be closed.
[2026-06-22T21:04:57.366] [DEBUG] debug-file - runTaskFromQueue task cost before running: 3 s 696 ms 
[2026-06-22T21:04:57.343] [DEBUG] debug-file - Obtain build option for module 'entry' target 'default'in this build.
[2026-06-22T21:04:57.418] [DEBUG] debug-file - worker[0] exits with exit code 0.
[2026-06-22T21:04:57.366] [INFO] debug-file - Finished :entry:init... after 1 ms 
[2026-06-22T21:04:57.347] [DEBUG] debug-file - Module entry task initialization takes 3 ms 
[2026-06-22T21:04:57.419] [DEBUG] debug-file - worker[1] exits with exit code 0.
[2026-06-22T21:04:57.366] [DEBUG] debug-file - Executing task ::init
[2026-06-22T21:04:57.347] [DEBUG] debug-file - Hap plugin register hook start...
[2026-06-22T21:04:57.419] [DEBUG] debug-file - Current worker pool is terminated.
[2026-06-22T21:04:57.366] [DEBUG] debug-file - SimpleCalculator-master : init cost memory 0.01143646240234375
[2026-06-22T21:04:57.347] [DEBUG] debug-file - Hap plugin register hook end...
[2026-06-22T21:04:57.366] [DEBUG] debug-file - runTaskFromQueue task cost before running: 3 s 696 ms 
[2026-06-22T21:04:57.347] [DEBUG] debug-file - Plugin build process completed
[2026-06-22T21:04:57.366] [INFO] debug-file - Finished ::init... after 1 ms 
[2026-06-22T21:04:57.347] [DEBUG] debug-file - hvigorfile, resolve finished D:\code2\SimpleCalculator-master\entry\hvigorfile.ts
[2026-06-22T21:04:57.390] [DEBUG] debug-file - Obtain build option for module 'entry' target 'default'in this build.
[2026-06-22T21:04:57.399] [DEBUG] debug-file - Since there is no instance or instance is terminated, create a new worker pool.
[2026-06-22T21:04:57.399] [DEBUG] debug-file - Worker pool is initialized with config:  {
  minPoolNum: 2,
  maxPoolNum: undefined,
  maxCoreSize: undefined,
  cacheCapacity: undefined,
  cacheTtl: undefined
}
[2026-06-22T21:06:09.002] [DEBUG] debug-file - env: nodejsVersion=v18.20.1
[2026-06-22T21:06:09.112] [DEBUG] debug-file - env: daemon=true
[2026-06-22T21:06:09.003] [DEBUG] debug-file - env: hvigor-config.json5 content = { modelVersion: '5.0.5', dependencies: {} }
[2026-06-22T21:06:10.428] [DEBUG] debug-file - java daemon tryConnect failed Error: connect ECONNREFUSED 127.0.0.1:45050
[2026-06-22T21:06:10.540] [DEBUG] debug-file - java daemon started at port 45050 pid 65232
[2026-06-22T21:06:10.564] [DEBUG] debug-file - session manager: set active socket. socketId=sQufm3S0ybOsT4dPAAAB
[2026-06-22T21:06:11.761] [DEBUG] debug-file - watch worker: worker id should be larger than 0. Nothing will be sent to any worker thread.
[2026-06-22T21:06:11.764] [DEBUG] debug-file - Since there is no instance or instance is terminated, create a new worker pool.
[2026-06-22T21:06:11.764] [DEBUG] debug-file - Worker pool is initialized with config:  {
  minPoolNum: 2,
  maxPoolNum: undefined,
  maxCoreSize: undefined,
  cacheCapacity: undefined,
  cacheTtl: undefined
}
[2026-06-22T21:06:11.765] [DEBUG] debug-file - Create  resident worker with id: 0.
[2026-06-22T21:06:11.767] [DEBUG] debug-file - Create  resident worker with id: 1.
[2026-06-22T21:06:11.769] [DEBUG] debug-file - Workers' log level updated to INFO
[2026-06-22T21:06:11.777] [DEBUG] debug-file - Hvigor init with startParameters:{
  hvigorfileTypeCheck: false,
  parallelExecution: true,
  incrementalExecution: true,
  printStackTrace: false,
  daemon: true,
  analyze: 0,
  logLevel: Level { level: 20000, levelStr: 'INFO', colour: 'green' },
  optimizationStrategy: 'memory',
  hotCompile: undefined,
  hotReloadBuild: undefined,
  customizedParam: undefined
}
[2026-06-22T21:06:11.779] [DEBUG] debug-file - Cache service initialization finished in 2 ms 
[2026-06-22T21:06:11.781] [DEBUG] debug-file - hvigorfile, resolving D:\code2\SimpleCalculator-master\hvigorfile.ts
[2026-06-22T21:06:14.464] [DEBUG] debug-file - hvigorfile, require result:  {}
[2026-06-22T21:06:14.464] [DEBUG] debug-file - hvigorfile, binding system plugins {}
[2026-06-22T21:06:14.465] [DEBUG] debug-file - Starting plugin build process
[2026-06-22T21:06:14.465] [DEBUG] debug-file - App plugin prepare start...
[2026-06-22T21:06:14.465] [DEBUG] debug-file - App plugin prepare end...
[2026-06-22T21:06:14.465] [DEBUG] debug-file - App plugin creating...
[2026-06-22T21:06:14.627] [DEBUG] debug-file - App plugin register hook start...
[2026-06-22T21:06:14.627] [DEBUG] debug-file - App plugin register hook end...
[2026-06-22T21:06:14.627] [DEBUG] debug-file - Plugin build process completed
[2026-06-22T21:06:14.628] [DEBUG] debug-file - Start initialize project's product build option map with build mode debug.
[2026-06-22T21:06:14.628] [DEBUG] debug-file - Picking option from product 'default' with build mode 'debug'.
[2026-06-22T21:06:14.629] [DEBUG] debug-file - Product 'default' build option initialized
[2026-06-22T21:06:14.629] [DEBUG] debug-file - End initialize project's product build option map with build mode 'debug'.
[2026-06-22T21:06:14.630] [DEBUG] debug-file - Obtain build option for product 'default'in this build.
[2026-06-22T21:06:14.632] [DEBUG] debug-file - No signingConfig found, initRemoteHspCache failed.
[2026-06-22T21:06:14.634] [DEBUG] debug-file - Local scan or download HarmonyOS sdk components toolchains,ets,js,native,previewer
[2026-06-22T21:06:14.637] [DEBUG] debug-file - Local scan or download hmscore sdk components toolchains,ets,native
[2026-06-22T21:06:14.640] [DEBUG] debug-file - Start recording SDK configuration permission data.
[2026-06-22T21:06:14.670] [DEBUG] debug-file - Sdk init in 38 ms 
[2026-06-22T21:06:14.677] [DEBUG] debug-file - Project task initialization takes 6 ms 
[2026-06-22T21:06:14.678] [DEBUG] debug-file - hvigorfile, resolve finished D:\code2\SimpleCalculator-master\hvigorfile.ts
[2026-06-22T21:06:14.678] [DEBUG] debug-file - hvigorfile, resolving D:\code2\SimpleCalculator-master\entry\hvigorfile.ts
[2026-06-22T21:06:14.682] [DEBUG] debug-file - hvigorfile, require result:  {}
[2026-06-22T21:06:14.683] [DEBUG] debug-file - hvigorfile, binding system plugins {}
[2026-06-22T21:06:14.683] [DEBUG] debug-file - Starting plugin build process
[2026-06-22T21:06:14.683] [DEBUG] debug-file - Hap plugin creating...
[2026-06-22T21:06:14.684] [DEBUG] debug-file - failed to load cangjie to dynamically generate schemas: Error: Cannot find module '@ohos/cangjie-build-support/index'
Require stack:
- C:\Program Files\Huawei\DevEco Studio\tools\hvigor\hvigor-ohos-plugin\src\plugin\hooks\cangjie-register.js
- C:\Program Files\Huawei\DevEco Studio\tools\hvigor\hvigor-ohos-plugin\src\plugin\strategy\stage-init-strategy.js
- C:\Program Files\Huawei\DevEco Studio\tools\hvigor\hvigor-ohos-plugin\src\plugin\builder\abstract-plugin-builder.js
- C:\Program Files\Huawei\DevEco Studio\tools\hvigor\hvigor-ohos-plugin\src\plugin\builder\app-plugin-builder.js
- C:\Program Files\Huawei\DevEco Studio\tools\hvigor\hvigor-ohos-plugin\src\plugin\factory\plugin-factory.js
- C:\Program Files\Huawei\DevEco Studio\tools\hvigor\hvigor-ohos-plugin\index.js
- D:\code2\SimpleCalculator-master\hvigorfile.ts
- C:\Program Files\Huawei\DevEco Studio\tools\hvigor\hvigor\src\base\internal\lifecycle\configuration.js
- C:\Program Files\Huawei\DevEco Studio\tools\hvigor\hvigor\src\base\boot\index.js
- C:\Program Files\Huawei\DevEco Studio\tools\hvigor\hvigor\src\base\daemon\cluster\worker-process-lifecycle.js
- C:\Program Files\Huawei\DevEco Studio\tools\hvigor\hvigor\src\base\daemon\process\daemon-process-boot-script.js
[2026-06-22T21:06:14.693] [DEBUG] debug-file - Start initialize module-target build option map, moduleName=entry, buildMode=release
[2026-06-22T21:06:14.694] [DEBUG] debug-file - Target 'default' config initialized
[2026-06-22T21:06:14.694] [DEBUG] debug-file - Module 'entry' target 'default' build option initialized
[2026-06-22T21:06:14.694] [DEBUG] debug-file - End initialize module-target build option map, moduleName=entry
[2026-06-22T21:06:14.694] [DEBUG] debug-file - Start initialize module-target build option map, moduleName=entry, buildMode=debug
[2026-06-22T21:06:14.694] [DEBUG] debug-file - Target 'default' config initialized
[2026-06-22T21:06:14.695] [DEBUG] debug-file - Module 'entry' target 'default' build option initialized
[2026-06-22T21:06:14.695] [DEBUG] debug-file - End initialize module-target build option map, moduleName=entry
[2026-06-22T21:06:14.695] [DEBUG] debug-file - Start initialize module-target build option map, moduleName=entry, buildMode=debug
[2026-06-22T21:06:14.695] [DEBUG] debug-file - Target 'default' config initialized
[2026-06-22T21:06:14.695] [DEBUG] debug-file - Module 'entry' target 'default' build option initialized
[2026-06-22T21:06:14.695] [DEBUG] debug-file - End initialize module-target build option map, moduleName=entry
[2026-06-22T21:06:14.696] [DEBUG] debug-file - Obtain build option for module 'entry' target 'default'in this build.
[2026-06-22T21:06:14.701] [DEBUG] debug-file - Module entry task initialization takes 4 ms 
[2026-06-22T21:06:14.701] [DEBUG] debug-file - Hap plugin register hook start...
[2026-06-22T21:06:14.701] [DEBUG] debug-file - Hap plugin register hook end...
[2026-06-22T21:06:14.701] [DEBUG] debug-file - Plugin build process completed
[2026-06-22T21:06:14.701] [DEBUG] debug-file - hvigorfile, resolve finished D:\code2\SimpleCalculator-master\entry\hvigorfile.ts
[2026-06-22T21:06:14.761] [DEBUG] debug-file - hvigorfile, resolve hvigorfile dependencies in 60 ms 
[2026-06-22T21:06:14.762] [DEBUG] debug-file - project has submodules:entry
[2026-06-22T21:06:14.764] [DEBUG] debug-file - start to load updatedOhPackageInfo to the disk
[2026-06-22T21:06:14.770] [DEBUG] debug-file - load to the disk finished
[2026-06-22T21:06:14.771] [DEBUG] debug-file - Start to initialize dependency information.
[2026-06-22T21:06:14.773] [DEBUG] debug-file - Module SimpleCalculator-master Collected Dependency: 
[2026-06-22T21:06:14.773] [DEBUG] debug-file - Module SimpleCalculator-master's total dependency: 0
[2026-06-22T21:06:14.774] [DEBUG] debug-file - Start to initialize dependency information.
[2026-06-22T21:06:14.777] [DEBUG] debug-file - Module entry Collected Dependency: 
[2026-06-22T21:06:14.777] [DEBUG] debug-file - Module entry's total dependency: 0
[2026-06-22T21:06:14.783] [DEBUG] debug-file - Configuration phase cost:3 s 4 ms 
[2026-06-22T21:06:14.786] [DEBUG] debug-file - Configuration task cost before running: 3 s 16 ms 
[2026-06-22T21:06:14.794] [DEBUG] debug-file - Executing task :entry:default@PreBuild
[2026-06-22T21:06:14.796] [DEBUG] debug-file - Task 'entry:default@PreBuild' cost while wrapping incremental declarations: 1 ms 
[2026-06-22T21:06:14.925] [DEBUG] debug-file - current product is not Atomic service.
[2026-06-22T21:06:14.925] [DEBUG] debug-file - Use tool [win32: JAVA_HOME, CLASSPATH]
 [
  { JAVA_HOME: 'C:\\Program Files\\Huawei\\DevEco Studio\\jbr' },
  { CLASSPATH: undefined }
]
[2026-06-22T21:06:14.925] [DEBUG] debug-file - Use tool [win32: NODE_HOME]
 [
  {
    NODE_HOME: 'C:\\Program Files\\Huawei\\DevEco Studio\\tools\\node'
  }
]
[2026-06-22T21:06:14.926] [DEBUG] debug-file - entry : default@PreBuild cost memory 10.982643127441406
[2026-06-22T21:06:14.926] [DEBUG] debug-file - runTaskFromQueue task cost before running: 3 s 157 ms 
[2026-06-22T21:06:14.928] [INFO] debug-file - Finished :entry:default@PreBuild... after 133 ms 
[2026-06-22T21:06:14.929] [DEBUG] debug-file - Executing task :entry:default@CreateModuleInfo
[2026-06-22T21:06:14.929] [DEBUG] debug-file - Task 'entry:default@CreateModuleInfo' cost while wrapping incremental declarations: 1 ms 
[2026-06-22T21:06:14.929] [DEBUG] debug-file - entry : default@CreateModuleInfo cost memory 0.04262542724609375
[2026-06-22T21:06:14.930] [DEBUG] debug-file - runTaskFromQueue task cost before running: 3 s 160 ms 
[2026-06-22T21:06:14.930] [INFO] debug-file - Finished :entry:default@CreateModuleInfo... after 1 ms 
[2026-06-22T21:06:14.931] [DEBUG] debug-file - Executing task :entry:default@GenerateMetadata
[2026-06-22T21:06:14.931] [DEBUG] debug-file - Task 'entry:default@GenerateMetadata' cost while wrapping incremental declarations: 1 ms 
[2026-06-22T21:06:14.933] [DEBUG] debug-file - entry : default@GenerateMetadata cost memory 0.06262969970703125
[2026-06-22T21:06:14.933] [DEBUG] debug-file - runTaskFromQueue task cost before running: 3 s 164 ms 
[2026-06-22T21:06:14.933] [INFO] debug-file - Finished :entry:default@GenerateMetadata... after 3 ms 
[2026-06-22T21:06:14.934] [DEBUG] debug-file - Executing task :entry:default@ConfigureCmake
[2026-06-22T21:06:14.934] [DEBUG] debug-file - entry : default@ConfigureCmake cost memory 0.0145263671875
[2026-06-22T21:06:14.935] [DEBUG] debug-file - runTaskFromQueue task cost before running: 3 s 165 ms 
[2026-06-22T21:06:14.935] [INFO] debug-file - Finished :entry:default@ConfigureCmake... after 1 ms 
[2026-06-22T21:06:14.936] [DEBUG] debug-file - Executing task :entry:default@MergeProfile
[2026-06-22T21:06:14.936] [DEBUG] debug-file - Task 'entry:default@MergeProfile' cost while wrapping incremental declarations: 1 ms 
[2026-06-22T21:06:14.937] [DEBUG] debug-file - Change app api release type with 'Release'
[2026-06-22T21:06:14.938] [DEBUG] debug-file - Change app compile API version with '6.0.2.130'
[2026-06-22T21:06:14.938] [DEBUG] debug-file - Change app target API version with '60002022'
[2026-06-22T21:06:14.938] [DEBUG] debug-file - Change app minimum API version with '50005017'
[2026-06-22T21:06:14.938] [DEBUG] debug-file - Use cli appEnvironment
[2026-06-22T21:06:14.940] [DEBUG] debug-file - entry : default@MergeProfile cost memory 0.14617156982421875
[2026-06-22T21:06:14.940] [DEBUG] debug-file - runTaskFromQueue task cost before running: 3 s 170 ms 
[2026-06-22T21:06:14.940] [INFO] debug-file - Finished :entry:default@MergeProfile... after 4 ms 
[2026-06-22T21:06:14.942] [DEBUG] debug-file - Executing task :entry:default@CreateBuildProfile
[2026-06-22T21:06:14.942] [DEBUG] debug-file - Task 'entry:default@CreateBuildProfile' cost while wrapping incremental declarations: 1 ms 
[2026-06-22T21:06:14.944] [DEBUG] debug-file - entry : default@CreateBuildProfile cost memory 0.064666748046875
[2026-06-22T21:06:14.944] [DEBUG] debug-file - runTaskFromQueue task cost before running: 3 s 174 ms 
[2026-06-22T21:06:14.944] [INFO] debug-file - Finished :entry:default@CreateBuildProfile... after 2 ms 
[2026-06-22T21:06:14.945] [DEBUG] debug-file - Executing task :entry:default@PreCheckSyscap
[2026-06-22T21:06:14.945] [DEBUG] debug-file - entry : default@PreCheckSyscap cost memory 0.0147705078125
[2026-06-22T21:06:14.945] [DEBUG] debug-file - runTaskFromQueue task cost before running: 3 s 176 ms 
[2026-06-22T21:06:14.945] [INFO] debug-file - Finished :entry:default@PreCheckSyscap... after 1 ms 
[2026-06-22T21:06:14.946] [DEBUG] debug-file - Executing task :entry:default@GeneratePkgContextInfo
[2026-06-22T21:06:14.954] [DEBUG] debug-file - Task 'entry:default@GeneratePkgContextInfo' cost while wrapping incremental declarations: 1 ms 
[2026-06-22T21:06:14.954] [DEBUG] debug-file - entry : default@GeneratePkgContextInfo cost memory 0.4282379150390625
[2026-06-22T21:06:14.954] [DEBUG] debug-file - runTaskFromQueue task cost before running: 3 s 185 ms 
[2026-06-22T21:06:14.954] [INFO] debug-file - Finished :entry:default@GeneratePkgContextInfo... after 8 ms 
[2026-06-22T21:06:14.957] [DEBUG] debug-file - Executing task :entry:default@ProcessIntegratedHsp
[2026-06-22T21:06:14.957] [DEBUG] debug-file - entry : default@ProcessIntegratedHsp cost memory 0.029083251953125
[2026-06-22T21:06:14.957] [DEBUG] debug-file - runTaskFromQueue task cost before running: 3 s 188 ms 
[2026-06-22T21:06:14.957] [INFO] debug-file - Finished :entry:default@ProcessIntegratedHsp... after 1 ms 
[2026-06-22T21:06:14.958] [DEBUG] debug-file - Executing task :entry:default@BuildNativeWithCmake
[2026-06-22T21:06:14.958] [DEBUG] debug-file - entry : default@BuildNativeWithCmake cost memory 0.0149383544921875
[2026-06-22T21:06:14.959] [DEBUG] debug-file - runTaskFromQueue task cost before running: 3 s 189 ms 
[2026-06-22T21:06:14.959] [INFO] debug-file - Finished :entry:default@BuildNativeWithCmake... after 1 ms 
[2026-06-22T21:06:14.959] [DEBUG] debug-file - Executing task :entry:default@MakePackInfo
[2026-06-22T21:06:14.961] [DEBUG] debug-file - Module Pack Info:  {
  summary: {
    app: { bundleName: 'c***r', bundleType: 'app', version: [Object] },
    modules: [ [Object] ]
  },
  packages: [
    {
      deviceType: [Array],
      moduleType: 'entry',
      deliveryWithInstall: true,
      name: 'entry-default'
    }
  ]
}
[2026-06-22T21:06:14.962] [DEBUG] debug-file - entry : default@MakePackInfo cost memory 0.09841156005859375
[2026-06-22T21:06:14.962] [DEBUG] debug-file - runTaskFromQueue task cost before running: 3 s 192 ms 
[2026-06-22T21:06:14.962] [INFO] debug-file - Finished :entry:default@MakePackInfo... after 3 ms 
[2026-06-22T21:06:14.963] [DEBUG] debug-file - Executing task :entry:default@SyscapTransform
[2026-06-22T21:06:14.963] [DEBUG] debug-file - File: 'D:\code2\SimpleCalculator-master\entry\src\main\syscap.json' from 'sysCapJsonPath' is not exists, just ignore.
[2026-06-22T21:06:14.964] [DEBUG] debug-file - Task 'entry:default@SyscapTransform' cost while wrapping incremental declarations: 2 ms 
[2026-06-22T21:06:14.964] [DEBUG] debug-file - entry : default@SyscapTransform cost memory 0.05800628662109375
[2026-06-22T21:06:14.965] [DEBUG] debug-file - runTaskFromQueue task cost before running: 3 s 195 ms 
[2026-06-22T21:06:14.965] [INFO] debug-file - Finished :entry:default@SyscapTransform... after 2 ms 
[2026-06-22T21:06:14.966] [DEBUG] debug-file - Executing task :entry:default@ProcessProfile
[2026-06-22T21:06:14.968] [DEBUG] debug-file - Task 'entry:default@ProcessProfile' cost while wrapping incremental declarations: 1 ms 
[2026-06-22T21:06:14.970] [DEBUG] debug-file - [
  'C:\\Program Files\\Huawei\\DevEco Studio\\tools\\node\\node.exe',
  'C:\\Program Files\\Huawei\\DevEco Studio\\sdk\\default\\openharmony\\ets\\build-tools\\ets-loader\\bin\\ark\\ts2abc.js',
  '--target-api-version',
  '17'
]
[2026-06-22T21:06:15.119] [DEBUG] debug-file - 12.0.6.0
[2026-06-22T21:06:15.121] [DEBUG] debug-file - No need to add fake ui ability because of not in preview process.
[2026-06-22T21:06:15.122] [DEBUG] debug-file - entry : default@ProcessProfile cost memory 2.4457168579101562
[2026-06-22T21:06:15.122] [DEBUG] debug-file - runTaskFromQueue task cost before running: 3 s 352 ms 
[2026-06-22T21:06:15.122] [INFO] debug-file - Finished :entry:default@ProcessProfile... after 156 ms 
[2026-06-22T21:06:15.123] [DEBUG] debug-file - Executing task :entry:default@ProcessRouterMap
[2026-06-22T21:06:15.126] [DEBUG] debug-file - entry : default@ProcessRouterMap cost memory 0.0855865478515625
[2026-06-22T21:06:15.126] [DEBUG] debug-file - runTaskFromQueue task cost before running: 3 s 357 ms 
[2026-06-22T21:06:15.127] [INFO] debug-file - Finished :entry:default@ProcessRouterMap... after 3 ms 
[2026-06-22T21:06:15.127] [DEBUG] debug-file - Executing task :entry:default@ProcessShareConfig
[2026-06-22T21:06:15.129] [DEBUG] debug-file - entry : default@ProcessShareConfig cost memory 0.06378936767578125
[2026-06-22T21:06:15.129] [DEBUG] debug-file - runTaskFromQueue task cost before running: 3 s 359 ms 
[2026-06-22T21:06:15.129] [INFO] debug-file - Finished :entry:default@ProcessShareConfig... after 2 ms 
[2026-06-22T21:06:15.130] [DEBUG] debug-file - Executing task :entry:default@ProcessStartupConfig
[2026-06-22T21:06:15.130] [DEBUG] debug-file - Task 'entry:default@ProcessStartupConfig' cost while wrapping incremental declarations: 1 ms 
[2026-06-22T21:06:15.131] [DEBUG] debug-file - entry : default@ProcessStartupConfig cost memory 0.0589752197265625
[2026-06-22T21:06:15.131] [DEBUG] debug-file - runTaskFromQueue task cost before running: 3 s 361 ms 
[2026-06-22T21:06:15.131] [INFO] debug-file - Finished :entry:default@ProcessStartupConfig... after 1 ms 
[2026-06-22T21:06:15.132] [DEBUG] debug-file - Executing task :entry:default@BuildNativeWithNinja
[2026-06-22T21:06:15.133] [DEBUG] debug-file - entry : default@BuildNativeWithNinja cost memory 0.02661895751953125
[2026-06-22T21:06:15.133] [DEBUG] debug-file - runTaskFromQueue task cost before running: 3 s 363 ms 
[2026-06-22T21:06:15.133] [INFO] debug-file - Finished :entry:default@BuildNativeWithNinja... after 1 ms 
[2026-06-22T21:06:15.134] [DEBUG] debug-file - restool module names: entry; moduleName=entry, taskName=default@ProcessResource
[2026-06-22T21:06:15.136] [DEBUG] debug-file - Executing task :entry:default@ProcessResource
[2026-06-22T21:06:15.136] [DEBUG] debug-file - Task 'entry:default@ProcessResource' cost while wrapping incremental declarations: 1 ms 
[2026-06-22T21:06:15.137] [DEBUG] debug-file - entry : default@ProcessResource cost memory 0.111175537109375
[2026-06-22T21:06:15.138] [DEBUG] debug-file - runTaskFromQueue task cost before running: 3 s 369 ms 
[2026-06-22T21:06:15.139] [INFO] debug-file - Finished :entry:default@ProcessResource... after 4 ms 
[2026-06-22T21:06:15.141] [DEBUG] debug-file - Executing task :entry:default@GenerateLoaderJson
[2026-06-22T21:06:15.142] [DEBUG] debug-file - Task 'entry:default@GenerateLoaderJson' cost while wrapping incremental declarations: 1 ms 
[2026-06-22T21:06:15.152] [DEBUG] debug-file - entry : default@GenerateLoaderJson cost memory -10.28216552734375
[2026-06-22T21:06:15.153] [DEBUG] debug-file - runTaskFromQueue task cost before running: 3 s 383 ms 
[2026-06-22T21:06:15.159] [INFO] debug-file - Finished :entry:default@GenerateLoaderJson... after 12 ms 
[2026-06-22T21:06:15.160] [DEBUG] debug-file - Executing task :entry:default@ProcessLibs
[2026-06-22T21:06:15.166] [DEBUG] debug-file - Worker dispatch failed, running processLibs on main thread.
[2026-06-22T21:06:15.167] [DEBUG] debug-file - entry : default@ProcessLibs cost memory 0.44072723388671875
[2026-06-22T21:06:15.167] [DEBUG] debug-file - runTaskFromQueue task cost before running: 3 s 398 ms 
[2026-06-22T21:06:15.168] [INFO] debug-file - Finished :entry:default@ProcessLibs... after 7 ms 
[2026-06-22T21:06:15.169] [DEBUG] debug-file - restool module names: entry; moduleName=entry, taskName=default@CompileResource
[2026-06-22T21:06:15.170] [DEBUG] debug-file - Executing task :entry:default@CompileResource
[2026-06-22T21:06:15.252] [DEBUG] debug-file - Use tool [C:\Program Files\Huawei\DevEco Studio\sdk\default\openharmony\toolchains\restool.exe]
 [
  'C:\\Program Files\\Huawei\\DevEco Studio\\sdk\\default\\openharmony\\toolchains\\restool.exe',
  '-l',
  'D:\\code2\\SimpleCalculator-master\\entry\\build\\default\\intermediates\\res\\default\\resConfig.json'
]
[2026-06-22T21:06:15.253] [DEBUG] debug-file - current process  memoryUsage: {
  rss: 290828288,
  heapTotal: 181899264,
  heapUsed: 159404968,
  external: 3437466,
  arrayBuffers: 1650967
} os memoryUsage :14.709896087646484
[2026-06-22T21:06:15.328] [DEBUG] debug-file - Info: Pack: normal pack mode

[2026-06-22T21:06:15.742] [DEBUG] debug-file - Info: hardware concurrency count is : 24
Info: thread count is : 24

[2026-06-22T21:06:15.743] [DEBUG] debug-file - Info: thread pool is started

[2026-06-22T21:06:15.743] [DEBUG] debug-file - Info: GenericCompiler::CompileFiles

[2026-06-22T21:06:15.750] [DEBUG] debug-file - Info: GenericCompiler::CompileFiles

[2026-06-22T21:06:15.755] [DEBUG] debug-file - Info: GenericCompiler::CompileFiles

[2026-06-22T21:06:15.760] [DEBUG] debug-file - 06-22 21:06:15.760 77360 72308 E C01400/ImageTranscoderUtils: DecodeToRGBA IN

[2026-06-22T21:06:15.760] [DEBUG] debug-file - 06-22 21:06:15.760 77360 72308 E C01400/ImageTranscoderUtils: ImageFilter IN D:\code2\SimpleCalculator-master\AppScope\resources\base\media\app_icon.png

[2026-06-22T21:06:15.775] [DEBUG] debug-file - 06-22 21:06:15.775 77360 72308 E C01400/ImageTranscoder: TranscodeSLR Only zoom-out is supported.

[2026-06-22T21:06:15.776] [DEBUG] debug-file - Warning: ScaleImage failed, error message: INVALID_PARAMETERS, file path = D:\code2\SimpleCalculator-master\AppScope\resources\base\media\app_icon.png

[2026-06-22T21:06:15.778] [DEBUG] debug-file - 06-22 21:06:15.778 77360 72308 E C01400/ImageTranscoderUtils: DecodeToRGBA IN
06-22 21:06:15.778 77360 72308 E C01400/ImageTranscoderUtils: ImageFilter IN D:\code2\SimpleCalculator-master\entry\src\main\resources\base\media\icon.png

[2026-06-22T21:06:15.779] [DEBUG] debug-file - 06-22 21:06:15.780 77360 72308 E C01400/ImageTranscoder: TranscodeSLR Only zoom-out is supported.

[2026-06-22T21:06:15.779] [DEBUG] debug-file - Warning: ScaleImage failed, error message: INVALID_PARAMETERS, file path = D:\code2\SimpleCalculator-master\entry\src\main\resources\base\media\icon.png

[2026-06-22T21:06:15.781] [DEBUG] debug-file - Warning: The width or height of the png file referenced by the icon exceeds the limit (41 pixels)
at D:\code2\SimpleCalculator-master\AppScope\resources\base\media\app_icon.png

[2026-06-22T21:06:15.782] [DEBUG] debug-file - Warning: The width or height of the png file referenced by the icon exceeds the limit (41 pixels)
at D:\code2\SimpleCalculator-master\entry\src\main\resources\base\media\icon.png

[2026-06-22T21:06:15.782] [DEBUG] debug-file - Info: restool resources compile success.

[2026-06-22T21:06:15.783] [DEBUG] debug-file - Info: thread pool is stopped

[2026-06-22T21:06:15.847] [DEBUG] debug-file - entry : default@CompileResource cost memory -25.335052490234375
[2026-06-22T21:06:15.847] [DEBUG] debug-file - runTaskFromQueue task cost before running: 4 s 77 ms 
[2026-06-22T21:06:15.848] [INFO] debug-file - Finished :entry:default@CompileResource... after 678 ms 
[2026-06-22T21:06:15.849] [DEBUG] debug-file - Executing task :entry:default@DoNativeStrip
[2026-06-22T21:06:15.849] [DEBUG] debug-file - Task 'entry:default@DoNativeStrip' cost while wrapping incremental declarations: 1 ms 
[2026-06-22T21:06:15.851] [DEBUG] debug-file - entry : default@DoNativeStrip cost memory 0.05722808837890625
[2026-06-22T21:06:15.851] [DEBUG] debug-file - runTaskFromQueue task cost before running: 4 s 82 ms 
[2026-06-22T21:06:15.851] [INFO] debug-file - Finished :entry:default@DoNativeStrip... after 3 ms 
[2026-06-22T21:06:15.853] [DEBUG] debug-file - Executing task :entry:default@CompileArkTS
[2026-06-22T21:06:15.853] [DEBUG] debug-file - obfuscationOptions: undefined
[2026-06-22T21:06:15.854] [DEBUG] debug-file - Task 'entry:default@CompileArkTS' cost while wrapping incremental declarations: 1 ms 
[2026-06-22T21:06:15.864] [DEBUG] debug-file - build config:
[2026-06-22T21:06:15.865] [DEBUG] debug-file - {
  moduleType: 'entry',
  perf: 0,
  targetName: '.default',
  packageManagerType: 'ohpm',
  localPropertiesPath: 'D:\\code2\\SimpleCalculator-master\\local.properties',
  isPreview: false,
  isOhosTest: false,
  isLocalTest: false,
  buildMode: 'Debug',
  hotReloadBuild: undefined,
  watchMode: 'false',
  aceProfilePath: 'D:\\code2\\SimpleCalculator-master\\entry\\build\\default\\intermediates\\res\\default\\resources\\base\\profile',
  etsLoaderPath: 'C:\\Program Files\\Huawei\\DevEco Studio\\sdk\\default\\openharmony\\ets\\build-tools\\ets-loader',
  modulePath: 'D:\\code2\\SimpleCalculator-master\\entry',
  testFrameworkPar: {
    testMode: undefined,
    coveragePathFilter: undefined,
    coverageMode: undefined
  },
  needCoverageInsert: false,
  debugLine: false,
  projectTopDir: 'D:\\code2\\SimpleCalculator-master',
  compileSdkVersion: 22,
  compatibleSdkVersion: 17,
  originCompatibleSdkVersion: '5.0.5(17)',
  compatibleSdkVersionStage: undefined,
  bundleName: 'c***r',
  etsLoaderVersion: '6.0.2.130',
  etsLoaderReleaseType: 'Release',
  aotCompileMode: 'type',
  apPath: 'D:\\code2\\SimpleCalculator-master\\entry\\modules.ap',
  entryModuleName: 'entry',
  entryModuleVersion: '1.0.0',
  entryPackageName: 'entry',
  allModuleNameHash: '6144674ea9eedab29a401dfefcc9135db745177f29c485a81b9a53d1e7c9469b',
  externalApiPaths: [
    'C:\\Program Files\\Huawei\\DevEco Studio\\sdk\\default\\hms\\ets'
  ],
  compilerTypes: [],
  isCrossplatform: false,
  hvigorPluginFile: undefined,
  compilePluginPath: undefined,
  buildGeneratedProfilePath: 'D:\\code2\\SimpleCalculator-master\\entry\\build\\default\\generated\\profile\\default',
  bundleType: 'app',
  arkTSVersion: undefined,
  apiVersion: 22,
  needCompleteSourcesMap: false,
  isFaMode: false,
  buildDir: 'D:\\code2\\SimpleCalculator-master\\entry\\build',
  deviceTypes: [ 'phone' ],
  pkgContextInfo: undefined,
  ohPackagePathMap: {},
  dependencyAliasMap: {},
  permission: { requestPermissions: undefined, definePermissions: undefined },
  useGetCurrentBundleName: false,
  projectArkOption: undefined,
  sourceMapDir: undefined,
  branchElimination: false,
  transformLib: undefined,
  tsImportSendable: false,
  resolveConflictMode: true,
  depName2RootPath: {},
  depName2DepInfo: {},
  rootPathSet: [ 'D:\\code2\\SimpleCalculator-master' ],
  useNativeResolver: true,
  shouldEmitJs: true,
  useTscResolve: false,
  singleFileEmit: false,
  userProjectConfig: {
    autoLazyImport: false,
    allowEmptyBundleName: false,
    reExportCheckMode: 'noCheck',
    executionMode: 'memory',
    usePathPlaceholder: false,
    writeRollupCache: true,
    isExpandImportEnabled: false,
    expandImportExclude: '',
    lazyImportExclude: '',
    lazyImportInclude: '',
    ignoreCrossplatformCheck: false,
    isHarDeduplicateEnabled: false,
    skipOhModulesLint: false,
    enableStrictCheckOHModule: false,
    disableSendableCheckRules: [],
    useDeclarationFileSignature: false,
    customizedOptions: undefined,
    integratedHsp: false,
    isPreloadSoEnabled: false
  },
  executionMode: 'memory',
  arkCompileCachePath: 'D:\\code2\\SimpleCalculator-master\\entry\\build\\default\\cache\\default\\default@CompileArkTS\\esmodule',
  autoLazyFilter: undefined,
  isHarDeduplicateEnabled: false,
  intermediateHarDuplicateDirPath: 'D:\\code2\\SimpleCalculator-master\\entry\\build\\default\\intermediates\\har_duplicate\\default',
  autoLazyImport: false,
  allowEmptyBundleName: false,
  reExportCheckMode: 'noCheck',
  usePathPlaceholder: false,
  writeRollupCache: true,
  isExpandImportEnabled: false,
  expandImportExclude: '',
  lazyImportExclude: '',
  lazyImportInclude: '',
  ignoreCrossplatformCheck: false,
  skipOhModulesLint: false,
  enableStrictCheckOHModule: false,
  disableSendableCheckRules: [],
  useDeclarationFileSignature: false,
  customizedOptions: undefined,
  integratedHsp: false,
  isPreloadSoEnabled: false,
  strictMode: undefined,
  useNormalizedOHMUrl: false,
  caseSensitiveCheck: false,
  aceModuleJsonPath: 'D:\\code2\\SimpleCalculator-master\\entry\\build\\default\\intermediates\\res\\default\\ark_module.json',
  appResource: 'D:\\code2\\SimpleCalculator-master\\entry\\build\\default\\intermediates\\res\\default\\ResourceTable.txt',
  rawFileResource: 'D:\\code2\\SimpleCalculator-master\\entry\\build\\default\\intermediates\\res\\default\\resources\\rawfile',
  resourceTableHash: 'a42143dfb382c20c50a1576db40eed2e0ff845a1b80d745153d35d102e6a06b7',
  runtimeOS: 'HarmonyOS',
  sdkInfo: 'false:22:6.0.2.130:Release',
  aceModuleRoot: 'D:\\code2\\SimpleCalculator-master\\entry\\src\\main\\ets',
  compileMode: 'esmodule',
  aceSuperVisualPath: 'D:\\code2\\SimpleCalculator-master\\entry\\src\\main\\supervisual',
  aceBuildJson: 'D:\\code2\\SimpleCalculator-master\\entry\\build\\default\\intermediates\\loader\\default\\loader.json',
  cachePath: 'D:\\code2\\SimpleCalculator-master\\entry\\build\\default\\cache\\default\\default@CompileArkTS\\esmodule\\debug',
  aceModuleBuild: 'D:\\code2\\SimpleCalculator-master\\entry\\build\\default\\intermediates\\loader_out\\default\\ets',
  supportChunks: true,
  declaredFilesPath: undefined,
  shouldCollectDirectImportees: false,
  isByteCodeHarOptimize: false,
  expandImportPath: undefined,
  pkgNameToPkgBriefInfo: {
    entry: {
      pkgRoot: 'D:\\code2\\SimpleCalculator-master\\entry',
      originalSourceRoots: undefined,
      sourceRoots: [Array],
      pkgName: 'entry'
    }
  },
  projectModel: {
    'D:\\code2\\SimpleCalculator-master\\entry\\src\\main': {
      moduleName: 'entry',
      modulePkgPath: 'D:\\code2\\SimpleCalculator-master\\entry',
      belongProjectPath: 'D:\\code2\\SimpleCalculator-master'
    },
    'D:\\code2\\SimpleCalculator-master\\entry': {
      moduleName: 'entry',
      modulePkgPath: 'D:\\code2\\SimpleCalculator-master\\entry',
      belongProjectPath: 'D:\\code2\\SimpleCalculator-master'
    },
    'D:\\code2\\SimpleCalculator-master': {
      moduleName: 'SimpleCalculator-master',
      modulePkgPath: 'D:\\code2\\SimpleCalculator-master',
      belongProjectPath: 'D:\\code2\\SimpleCalculator-master'
    }
  },
  pkgJsonFileHash: 'b8f845c80dd835f66b66e997925975ab6c1e0cb4ef1f7ec1607facc48e7024d5',
  allModulePaths: [ 'D:\\code2\\SimpleCalculator-master\\entry' ],
  routerMap: {},
  obfuscationOptions: undefined,
  byteCodeHarToDependencyKeys: undefined,
  compileBlockPkg: [],
  mockParams: {
    decorator: '@MockSetup',
    packageName: '@ohos/hamock',
    etsSourceRootPath: 'src/main/ets',
    mockConfigPath: undefined,
    mockConfigKey2ModuleInfo: {},
    source2ModuleIdMap: {}
  },
  copyCodeResourceEnable: true,
  copyCodeResourceExcludes: [],
  copyCodeResourceIncludes: undefined,
  uiTransformOptimization: false,
  sdkPath: 'C:/Program Files/Huawei/DevEco Studio/sdk',
  needPreloadSoFileSet: {},
  preloadSoFilePath: 'D:\\code2\\SimpleCalculator-master\\entry\\build\\default\\intermediates\\preload\\default\\preload.json',
  useSourceHash: false,
  localModuleParamMap: {},
  otherPaths: {
    'entry/*': [
      '..\\*',
      '..\\..\\..\\build\\default\\generated\\profile\\default\\*'
    ]
  },
  collectImportersConfig: undefined
}
[2026-06-22T21:06:15.865] [DEBUG] debug-file - Compile arkts with external api path: C:\Program Files\Huawei\DevEco Studio\sdk\default\hms\ets
[2026-06-22T21:06:15.866] [DEBUG] debug-file - default@CompileArkTS work[0] is submitted.
[2026-06-22T21:06:15.866] [DEBUG] debug-file - default@CompileArkTS work[0] is pushed to ready queue.
[2026-06-22T21:06:15.866] [DEBUG] debug-file - A work dispatched to worker[23] failed because unable to get work from ready queue.
[2026-06-22T21:06:15.866] [DEBUG] debug-file - A work dispatched to worker[22] failed because unable to get work from ready queue.
[2026-06-22T21:06:15.866] [DEBUG] debug-file - A work dispatched to worker[21] failed because unable to get work from ready queue.
[2026-06-22T21:06:15.866] [DEBUG] debug-file - A work dispatched to worker[20] failed because unable to get work from ready queue.
[2026-06-22T21:06:15.866] [DEBUG] debug-file - A work dispatched to worker[19] failed because unable to get work from ready queue.
[2026-06-22T21:06:15.867] [DEBUG] debug-file - A work dispatched to worker[18] failed because unable to get work from ready queue.
[2026-06-22T21:06:15.867] [DEBUG] debug-file - A work dispatched to worker[17] failed because unable to get work from ready queue.
[2026-06-22T21:06:15.867] [DEBUG] debug-file - A work dispatched to worker[16] failed because unable to get work from ready queue.
[2026-06-22T21:06:15.867] [DEBUG] debug-file - A work dispatched to worker[15] failed because unable to get work from ready queue.
[2026-06-22T21:06:15.867] [DEBUG] debug-file - A work dispatched to worker[14] failed because unable to get work from ready queue.
[2026-06-22T21:06:15.867] [DEBUG] debug-file - A work dispatched to worker[13] failed because unable to get work from ready queue.
[2026-06-22T21:06:15.867] [DEBUG] debug-file - A work dispatched to worker[12] failed because unable to get work from ready queue.
[2026-06-22T21:06:15.867] [DEBUG] debug-file - A work dispatched to worker[11] failed because unable to get work from ready queue.
[2026-06-22T21:06:15.867] [DEBUG] debug-file - A work dispatched to worker[10] failed because unable to get work from ready queue.
[2026-06-22T21:06:15.867] [DEBUG] debug-file - A work dispatched to worker[9] failed because unable to get work from ready queue.
[2026-06-22T21:06:15.867] [DEBUG] debug-file - A work dispatched to worker[8] failed because unable to get work from ready queue.
[2026-06-22T21:06:15.867] [DEBUG] debug-file - A work dispatched to worker[7] failed because unable to get work from ready queue.
[2026-06-22T21:06:15.867] [DEBUG] debug-file - A work dispatched to worker[6] failed because unable to get work from ready queue.
[2026-06-22T21:06:15.867] [DEBUG] debug-file - A work dispatched to worker[5] failed because unable to get work from ready queue.
[2026-06-22T21:06:15.867] [DEBUG] debug-file - Create  resident worker with id: 4.
[2026-06-22T21:06:15.868] [DEBUG] debug-file - default@CompileArkTS work[0] has been dispatched to worker[4].
[2026-06-22T21:06:15.868] [DEBUG] debug-file - default@CompileArkTS work[0] is dispatched.
[2026-06-22T21:06:15.868] [DEBUG] debug-file - CopyResources startTime: 1098436226047700
[2026-06-22T21:06:15.868] [DEBUG] debug-file - default@CompileArkTS work[1] is submitted.
[2026-06-22T21:06:15.869] [DEBUG] debug-file - default@CompileArkTS work[1] is pushed to ready queue.
[2026-06-22T21:06:15.869] [DEBUG] debug-file - A work dispatched to worker[23] failed because unable to get work from ready queue.
[2026-06-22T21:06:15.869] [DEBUG] debug-file - Create  resident worker with id: 22.
[2026-06-22T21:06:15.869] [DEBUG] debug-file - default@CompileArkTS work[1] has been dispatched to worker[22].
[2026-06-22T21:06:15.869] [DEBUG] debug-file - default@CompileArkTS work[1] is dispatched.
[2026-06-22T21:06:15.869] [DEBUG] debug-file - entry : default@CompileArkTS cost memory 1.4710006713867188
[2026-06-22T21:06:15.871] [DEBUG] debug-file - Executing task :entry:default@BuildJS
[2026-06-22T21:06:15.871] [DEBUG] debug-file - Task 'entry:default@BuildJS' cost while wrapping incremental declarations: 1 ms 
[2026-06-22T21:06:15.872] [DEBUG] debug-file - entry : default@BuildJS cost memory 0.14942169189453125
[2026-06-22T21:06:15.872] [DEBUG] debug-file - runTaskFromQueue task cost before running: 4 s 103 ms 
[2026-06-22T21:06:15.872] [INFO] debug-file - Finished :entry:default@BuildJS... after 2 ms 
[2026-06-22T21:06:15.873] [DEBUG] debug-file - Executing task :entry:default@CacheNativeLibs
[2026-06-22T21:06:15.874] [DEBUG] debug-file - Task 'entry:default@CacheNativeLibs' cost while wrapping incremental declarations: 1 ms 
[2026-06-22T21:06:15.874] [DEBUG] debug-file - default@CacheNativeLibs work[2] is submitted.
[2026-06-22T21:06:15.874] [DEBUG] debug-file - default@CacheNativeLibs work[2] is pushed to ready queue.
[2026-06-22T21:06:15.874] [DEBUG] debug-file - A work dispatched to worker[23] failed because unable to get work from ready queue.
[2026-06-22T21:06:15.874] [DEBUG] debug-file - A work dispatched to worker[22] failed because of worker busy.
[2026-06-22T21:06:15.874] [DEBUG] debug-file - Create  resident worker with id: 21.
[2026-06-22T21:06:15.875] [DEBUG] debug-file - default@CacheNativeLibs work[2] has been dispatched to worker[21].
[2026-06-22T21:06:15.875] [DEBUG] debug-file - default@CacheNativeLibs work[2] is dispatched.
[2026-06-22T21:06:15.875] [DEBUG] debug-file - entry : default@CacheNativeLibs cost memory 0.1562347412109375
[2026-06-22T21:06:16.959] [DEBUG] debug-file - worker[22] has one work done.
[2026-06-22T21:06:16.959] [DEBUG] debug-file - CopyResources is end, endTime: 1098437316857100
[2026-06-22T21:06:16.959] [DEBUG] debug-file - default@CompileArkTS work[1] done.
[2026-06-22T21:06:16.960] [DEBUG] debug-file - A work dispatched to worker[22] failed because unable to get work from ready queue.
[2026-06-22T21:06:17.052] [DEBUG] debug-file - worker[21] has one work done.
[2026-06-22T21:06:17.052] [DEBUG] debug-file - default@CacheNativeLibs work[2] done.
[2026-06-22T21:06:17.052] [DEBUG] debug-file - A work dispatched to worker[21] failed because unable to get work from ready queue.
[2026-06-22T21:06:17.052] [INFO] debug-file - Finished :entry:default@CacheNativeLibs... after 6 ms 
[2026-06-22T21:06:23.773] [WARN] debug-file - [33mWARN: [33mArkTS:WARN File: D:/code2/SimpleCalculator-master/entry/src/main/ets/entryability/EntryAbility.ts:24:23
 Cannot find name 'UIContext'.[39m[39m

[2026-06-22T21:06:23.773] [DEBUG] debug-file - Ark compile task finished.finished time is 1098444130739800
[2026-06-22T21:06:23.774] [DEBUG] debug-file - worker[4] has one work done.
[2026-06-22T21:06:23.775] [DEBUG] debug-file - default@CompileArkTS work[0] done.
[2026-06-22T21:06:23.775] [DEBUG] debug-file - A work dispatched to worker[4] failed because unable to get work from ready queue.
[2026-06-22T21:06:23.777] [INFO] debug-file - Finished :entry:default@CompileArkTS... after 5 s 213 ms 
[2026-06-22T21:06:23.778] [DEBUG] debug-file - Executing task :entry:default@GeneratePkgModuleJson
[2026-06-22T21:06:23.778] [DEBUG] debug-file - File: 'D:\code2\SimpleCalculator-master\entry\build\default\intermediates\preload\default\preload.json' from 'preloadSoJsonPath' is not exists, just ignore.
[2026-06-22T21:06:23.779] [DEBUG] debug-file - Error occurs while handling @Input 'shouldDeduplicateHar': The "data" argument must be of type string or an instance of Buffer, TypedArray, or DataView. Received undefined
[2026-06-22T21:06:23.779] [DEBUG] debug-file - Task 'entry:default@GeneratePkgModuleJson' cost while wrapping incremental declarations: 2 ms 
[2026-06-22T21:06:23.783] [DEBUG] debug-file - entry : default@GeneratePkgModuleJson cost memory 0.169342041015625
[2026-06-22T21:06:23.783] [DEBUG] debug-file - runTaskFromQueue task cost before running: 12 s 14 ms 
[2026-06-22T21:06:23.784] [INFO] debug-file - Finished :entry:default@GeneratePkgModuleJson... after 6 ms 
[2026-06-22T21:06:23.784] [DEBUG] debug-file - Executing task :entry:default@ProcessCompiledResources
[2026-06-22T21:06:23.785] [DEBUG] debug-file - File: 'D:\code2\SimpleCalculator-master\entry\build\default\intermediates\preload\default\preload.json' from 'preloadSoJsonPath' is not exists, just ignore.
[2026-06-22T21:06:23.785] [DEBUG] debug-file - Task 'entry:default@ProcessCompiledResources' cost while wrapping incremental declarations: 1 ms 
[2026-06-22T21:06:23.785] [DEBUG] debug-file - entry : default@ProcessCompiledResources cost memory 0.05959320068359375
[2026-06-22T21:06:23.785] [DEBUG] debug-file - runTaskFromQueue task cost before running: 12 s 16 ms 
[2026-06-22T21:06:23.785] [INFO] debug-file - Finished :entry:default@ProcessCompiledResources... after 1 ms 
[2026-06-22T21:06:23.787] [DEBUG] debug-file - Executing task :entry:default@PackageHap
[2026-06-22T21:06:23.789] [DEBUG] debug-file - Use tool [C:\Program Files\Huawei\DevEco Studio\sdk\default\openharmony\toolchains\lib\app_packing_tool.jar]
 [
  'java',
  '-Dfile.encoding=GBK',
  '-jar',
  'C:\\Program Files\\Huawei\\DevEco Studio\\sdk\\default\\openharmony\\toolchains\\lib\\app_packing_tool.jar',
  '--mode',
  'hap',
  '--force',
  'true',
  '--lib-path',
  'D:\\code2\\SimpleCalculator-master\\entry\\build\\default\\intermediates\\stripped_native_libs\\default',
  '--json-path',
  'D:\\code2\\SimpleCalculator-master\\entry\\build\\default\\intermediates\\package\\default\\module.json',
  '--resources-path',
  'D:\\code2\\SimpleCalculator-master\\entry\\build\\default\\intermediates\\res\\default\\resources',
  '--index-path',
  'D:\\code2\\SimpleCalculator-master\\entry\\build\\default\\intermediates\\res\\default\\resources.index',
  '--pack-info-path',
  'D:\\code2\\SimpleCalculator-master\\entry\\build\\default\\outputs\\default\\pack.info',
  '--out-path',
  'D:\\code2\\SimpleCalculator-master\\entry\\build\\default\\outputs\\default\\entry-default-unsigned.hap',
  '--ets-path',
  'D:\\code2\\SimpleCalculator-master\\entry\\build\\default\\intermediates\\loader_out\\default\\ets'
]
[2026-06-22T21:06:24.179] [DEBUG] debug-file - java daemon socket received message:{"code":0,"message":"pack success"}
[2026-06-22T21:06:24.184] [DEBUG] debug-file - entry : default@PackageHap cost memory 0.5174713134765625
[2026-06-22T21:06:24.184] [DEBUG] debug-file - runTaskFromQueue task cost before running: 12 s 414 ms 
[2026-06-22T21:06:24.185] [INFO] debug-file - Finished :entry:default@PackageHap... after 398 ms 
[2026-06-22T21:06:24.186] [DEBUG] debug-file - Executing task :entry:default@PackingCheck
[2026-06-22T21:06:24.192] [DEBUG] debug-file - entry : default@PackingCheck cost memory 0.66082763671875
[2026-06-22T21:06:24.192] [DEBUG] debug-file - runTaskFromQueue task cost before running: 12 s 422 ms 
[2026-06-22T21:06:24.192] [INFO] debug-file - Finished :entry:default@PackingCheck... after 6 ms 
[2026-06-22T21:06:24.193] [DEBUG] debug-file - Executing task :entry:default@SignHap
[2026-06-22T21:06:24.193] [WARN] debug-file - Will skip sign 'hos_hap'. No signingConfigs profile is configured in current project.
             If needed, configure the signingConfigs in D:\code2\SimpleCalculator-master\build-profile.json5.
[2026-06-22T21:06:24.194] [DEBUG] debug-file - entry : default@SignHap cost memory 0.0658721923828125
[2026-06-22T21:06:24.194] [DEBUG] debug-file - runTaskFromQueue task cost before running: 12 s 425 ms 
[2026-06-22T21:06:24.194] [INFO] debug-file - Finished :entry:default@SignHap... after 2 ms 
[2026-06-22T21:06:24.195] [DEBUG] debug-file - Executing task :entry:default@CollectDebugSymbol
[2026-06-22T21:06:24.196] [DEBUG] debug-file - entry : default@CollectDebugSymbol cost memory 0.0936279296875
[2026-06-22T21:06:24.196] [DEBUG] debug-file - runTaskFromQueue task cost before running: 12 s 426 ms 
[2026-06-22T21:06:24.196] [INFO] debug-file - Finished :entry:default@CollectDebugSymbol... after 1 ms 
[2026-06-22T21:06:24.196] [DEBUG] debug-file - Executing task :entry:assembleHap
[2026-06-22T21:06:24.196] [DEBUG] debug-file - entry : assembleHap cost memory 0.01642608642578125
[2026-06-22T21:06:24.196] [DEBUG] debug-file - runTaskFromQueue task cost before running: 12 s 427 ms 
[2026-06-22T21:06:24.196] [INFO] debug-file - Finished :entry:assembleHap... after 1 ms 
[2026-06-22T21:06:24.217] [INFO] debug-file - BUILD SUCCESSFUL in 12 s 448 ms 
[2026-06-22T21:06:24.218] [DEBUG] debug-file - Update task entry:default@PreBuild input file:D:\code2\SimpleCalculator-master\AppScope\app.json5 cache by regenerate.
[2026-06-22T21:06:24.219] [DEBUG] debug-file - Update task entry:default@PreBuild input file:D:\code2\SimpleCalculator-master\entry\src\main\module.json5 cache by regenerate.
[2026-06-22T21:06:24.219] [DEBUG] debug-file - Update task entry:default@PreBuild input file:D:\code2\SimpleCalculator-master\build-profile.json5 cache by regenerate.
[2026-06-22T21:06:24.219] [DEBUG] debug-file - Update task entry:default@PreBuild input file:D:\code2\SimpleCalculator-master\entry\build-profile.json5 cache by regenerate.
[2026-06-22T21:06:24.220] [DEBUG] debug-file - Update task entry:default@PreBuild input file:D:\code2\SimpleCalculator-master\entry\src\main\resources\base\profile\main_pages.json cache by regenerate.
[2026-06-22T21:06:24.220] [DEBUG] debug-file - Update task entry:default@PreBuild input file:D:\code2\SimpleCalculator-master\hvigor\hvigor-config.json5 cache by regenerate.
[2026-06-22T21:06:24.220] [DEBUG] debug-file - Update task entry:default@PreBuild input file:D:\code2\SimpleCalculator-master\entry\oh-package.json5 cache by regenerate.
[2026-06-22T21:06:24.220] [DEBUG] debug-file - Update task entry:default@PreBuild input file:D:\code2\SimpleCalculator-master\oh-package.json5 cache by regenerate.
[2026-06-22T21:06:24.220] [DEBUG] debug-file - Incremental task entry:default@PreBuild post-execution cost:3 ms .
[2026-06-22T21:06:24.220] [DEBUG] debug-file - Update task entry:default@CreateModuleInfo output file:D:\code2\SimpleCalculator-master\entry\build\default\generated\profile\default\ModuleInfo.ts cache.
[2026-06-22T21:06:24.220] [DEBUG] debug-file - Incremental task entry:default@CreateModuleInfo post-execution cost:1 ms .
[2026-06-22T21:06:24.220] [DEBUG] debug-file - Update task entry:default@GenerateMetadata input file:D:\code2\SimpleCalculator-master\entry\src\main\module.json5 cache by regenerate.
[2026-06-22T21:06:24.221] [DEBUG] debug-file - Update task entry:default@GenerateMetadata output file:D:\code2\SimpleCalculator-master\entry\build\default\intermediates\hap_metadata\default\output_metadata.json cache.
[2026-06-22T21:06:24.221] [DEBUG] debug-file - Incremental task entry:default@GenerateMetadata post-execution cost:1 ms .
[2026-06-22T21:06:24.221] [DEBUG] debug-file - Update task entry:default@MergeProfile input file:D:\code2\SimpleCalculator-master\AppScope\app.json5 cache by regenerate.
[2026-06-22T21:06:24.221] [DEBUG] debug-file - Update task entry:default@MergeProfile input file:D:\code2\SimpleCalculator-master\build-profile.json5 cache by regenerate.
[2026-06-22T21:06:24.221] [DEBUG] debug-file - Update task entry:default@MergeProfile input file:D:\code2\SimpleCalculator-master\entry\src\main\module.json5 cache by regenerate.
[2026-06-22T21:06:24.221] [DEBUG] debug-file - Update task entry:default@MergeProfile output file:D:\code2\SimpleCalculator-master\entry\build\default\intermediates\merge_profile\default\module.json cache.
[2026-06-22T21:06:24.221] [DEBUG] debug-file - Incremental task entry:default@MergeProfile post-execution cost:1 ms .
[2026-06-22T21:06:24.222] [DEBUG] debug-file - Update task entry:default@CreateBuildProfile input file:D:\code2\SimpleCalculator-master\AppScope\app.json5 cache by regenerate.
[2026-06-22T21:06:24.222] [DEBUG] debug-file - Update task entry:default@CreateBuildProfile input file:D:\code2\SimpleCalculator-master\build-profile.json5 cache by regenerate.
[2026-06-22T21:06:24.222] [DEBUG] debug-file - Update task entry:default@CreateBuildProfile output file:D:\code2\SimpleCalculator-master\entry\build\default\generated\profile\default\BuildProfile.ets cache.
[2026-06-22T21:06:24.222] [DEBUG] debug-file - Incremental task entry:default@CreateBuildProfile post-execution cost:1 ms .
[2026-06-22T21:06:24.222] [DEBUG] debug-file - Update task entry:default@GeneratePkgContextInfo output file:D:\code2\SimpleCalculator-master\entry\build\default\intermediates\loader\default\pkgContextInfo.json cache.
[2026-06-22T21:06:24.222] [DEBUG] debug-file - Incremental task entry:default@GeneratePkgContextInfo post-execution cost:1 ms .
[2026-06-22T21:06:24.222] [DEBUG] debug-file - Update task entry:default@ProcessIntegratedHsp output file:D:\code2\SimpleCalculator-master\build\cache\default\integrated_hsp\integratedHspCache.json cache.
[2026-06-22T21:06:24.222] [DEBUG] debug-file - Incremental task entry:default@ProcessIntegratedHsp post-execution cost:1 ms .
[2026-06-22T21:06:24.222] [DEBUG] debug-file - Update task entry:default@MakePackInfo input file:D:\code2\SimpleCalculator-master\AppScope\app.json5 cache by regenerate.
[2026-06-22T21:06:24.222] [DEBUG] debug-file - Update task entry:default@MakePackInfo input file:D:\code2\SimpleCalculator-master\entry\src\main\module.json5 cache by regenerate.
[2026-06-22T21:06:24.222] [DEBUG] debug-file - Update task entry:default@MakePackInfo input file:D:\code2\SimpleCalculator-master\build-profile.json5 cache by regenerate.
[2026-06-22T21:06:24.223] [DEBUG] debug-file - Update task entry:default@MakePackInfo output file:D:\code2\SimpleCalculator-master\entry\build\default\outputs\default\pack.info cache.
[2026-06-22T21:06:24.223] [DEBUG] debug-file - Incremental task entry:default@MakePackInfo post-execution cost:1 ms .
[2026-06-22T21:06:24.223] [DEBUG] debug-file - Update task entry:default@SyscapTransform input file:C:\Program Files\Huawei\DevEco Studio\sdk\default\openharmony\toolchains\syscap_tool.exe cache by regenerate.
[2026-06-22T21:06:24.223] [DEBUG] debug-file - Update task entry:default@SyscapTransform input file:C:\Program Files\Huawei\DevEco Studio\sdk\default\openharmony\ets\api\device-define cache by regenerate.
[2026-06-22T21:06:24.224] [DEBUG] debug-file - Update task entry:default@SyscapTransform output file:D:\code2\SimpleCalculator-master\entry\build\default\intermediates\syscap\default\rpcid.sc cache.
[2026-06-22T21:06:24.224] [DEBUG] debug-file - Incremental task entry:default@SyscapTransform post-execution cost:2 ms .
[2026-06-22T21:06:24.224] [DEBUG] debug-file - Update task entry:default@ProcessProfile input file:D:\code2\SimpleCalculator-master\entry\build\default\intermediates\merge_profile\default\module.json cache by regenerate.
[2026-06-22T21:06:24.224] [DEBUG] debug-file - Update task entry:default@ProcessProfile output file:D:\code2\SimpleCalculator-master\entry\build\default\intermediates\process_profile\default\module.json cache.
[2026-06-22T21:06:24.225] [DEBUG] debug-file - Incremental task entry:default@ProcessProfile post-execution cost:1 ms .
[2026-06-22T21:06:24.225] [DEBUG] debug-file - Update task entry:default@ProcessRouterMap input file:D:\code2\SimpleCalculator-master\entry\oh-package.json5 cache by regenerate.
[2026-06-22T21:06:24.225] [DEBUG] debug-file - Update task entry:default@ProcessRouterMap input file:D:\code2\SimpleCalculator-master\oh-package.json5 cache by regenerate.
[2026-06-22T21:06:24.225] [DEBUG] debug-file - Update task entry:default@ProcessRouterMap input file:D:\code2\SimpleCalculator-master\entry\src\main\module.json5 cache by regenerate.
[2026-06-22T21:06:24.225] [DEBUG] debug-file - Update task entry:default@ProcessRouterMap output file:D:\code2\SimpleCalculator-master\entry\build\default\intermediates\router_map\default\temp-router-map.json cache.
[2026-06-22T21:06:24.225] [DEBUG] debug-file - Update task entry:default@ProcessRouterMap output file:D:\code2\SimpleCalculator-master\entry\build\default\intermediates\router_map\default\loader-router-map.json cache.
[2026-06-22T21:06:24.225] [DEBUG] debug-file - Incremental task entry:default@ProcessRouterMap post-execution cost:1 ms .
[2026-06-22T21:06:24.225] [DEBUG] debug-file - Update task entry:default@ProcessShareConfig input file:D:\code2\SimpleCalculator-master\entry\oh-package.json5 cache by regenerate.
[2026-06-22T21:06:24.225] [DEBUG] debug-file - Update task entry:default@ProcessShareConfig input file:D:\code2\SimpleCalculator-master\oh-package.json5 cache by regenerate.
[2026-06-22T21:06:24.226] [DEBUG] debug-file - Update task entry:default@ProcessShareConfig input file:D:\code2\SimpleCalculator-master\entry\src\main\module.json5 cache by regenerate.
[2026-06-22T21:06:24.226] [DEBUG] debug-file - Update task entry:default@ProcessShareConfig output file:D:\code2\SimpleCalculator-master\entry\build\default\intermediates\share_config\default\temp-share-config.json cache.
[2026-06-22T21:06:24.226] [DEBUG] debug-file - Incremental task entry:default@ProcessShareConfig post-execution cost:1 ms .
[2026-06-22T21:06:24.226] [DEBUG] debug-file - Update task entry:default@ProcessStartupConfig output file:D:\code2\SimpleCalculator-master\entry\build\default\intermediates\startup\default\startup_config.json cache.
[2026-06-22T21:06:24.226] [DEBUG] debug-file - Incremental task entry:default@ProcessStartupConfig post-execution cost:1 ms .
[2026-06-22T21:06:24.226] [DEBUG] debug-file - Update task entry:default@ProcessResource output file:D:\code2\SimpleCalculator-master\entry\build\default\intermediates\res\default\resConfig.json cache.
[2026-06-22T21:06:24.226] [DEBUG] debug-file - Update task entry:default@ProcessResource output file:D:\code2\SimpleCalculator-master\entry\build\default\intermediates\res\default\opt-compression.json cache.
[2026-06-22T21:06:24.226] [DEBUG] debug-file - Incremental task entry:default@ProcessResource post-execution cost:1 ms .
[2026-06-22T21:06:24.227] [DEBUG] debug-file - Update task entry:default@GenerateLoaderJson input file:D:\code2\SimpleCalculator-master\entry\build\default\intermediates\router_map\default\temp-router-map.json cache by regenerate.
[2026-06-22T21:06:24.227] [DEBUG] debug-file - Update task entry:default@GenerateLoaderJson output file:D:\code2\SimpleCalculator-master\entry\build\default\intermediates\loader\default\loader.json cache.
[2026-06-22T21:06:24.227] [DEBUG] debug-file - Incremental task entry:default@GenerateLoaderJson post-execution cost:2 ms .
[2026-06-22T21:06:24.227] [DEBUG] debug-file - Update task entry:default@ProcessLibs input file:D:\code2\SimpleCalculator-master\build-profile.json5 cache by regenerate.
[2026-06-22T21:06:24.228] [DEBUG] debug-file - Update task entry:default@ProcessLibs input file:D:\code2\SimpleCalculator-master\entry\build-profile.json5 cache by regenerate.
[2026-06-22T21:06:24.228] [DEBUG] debug-file - Update task entry:default@ProcessLibs output file:D:\code2\SimpleCalculator-master\entry\build\default\intermediates\libs\default cache.
[2026-06-22T21:06:24.228] [DEBUG] debug-file - Incremental task entry:default@ProcessLibs post-execution cost:1 ms .
[2026-06-22T21:06:24.229] [DEBUG] debug-file - Update task entry:default@CompileResource input file:D:\code2\SimpleCalculator-master\entry\src\main\resources cache by regenerate.
[2026-06-22T21:06:24.230] [DEBUG] debug-file - Update task entry:default@CompileResource input file:D:\code2\SimpleCalculator-master\AppScope\resources cache by regenerate.
[2026-06-22T21:06:24.231] [DEBUG] debug-file - Update task entry:default@CompileResource input file:D:\code2\SimpleCalculator-master\entry\build\default\intermediates\process_profile\default\module.json cache by regenerate.
[2026-06-22T21:06:24.231] [DEBUG] debug-file - Update task entry:default@CompileResource input file:D:\code2\SimpleCalculator-master\entry\build\default\intermediates\res\default\resConfig.json cache by regenerate.
[2026-06-22T21:06:24.231] [DEBUG] debug-file - Update task entry:default@CompileResource output file:D:\code2\SimpleCalculator-master\entry\build\default\intermediates\res\default cache.
[2026-06-22T21:06:24.233] [DEBUG] debug-file - Update task entry:default@CompileResource output file:D:\code2\SimpleCalculator-master\entry\build\default\generated\r\default\ResourceTable.h cache.
[2026-06-22T21:06:24.233] [DEBUG] debug-file - Update task entry:default@CompileResource output file:D:\code2\SimpleCalculator-master\entry\build\default\generated\r\default cache.
[2026-06-22T21:06:24.234] [DEBUG] debug-file - Incremental task entry:default@CompileResource post-execution cost:6 ms .
[2026-06-22T21:06:24.234] [DEBUG] debug-file - Update task entry:default@DoNativeStrip input file:D:\code2\SimpleCalculator-master\entry\build\default\intermediates\libs\default cache by regenerate.
[2026-06-22T21:06:24.234] [DEBUG] debug-file - Update task entry:default@DoNativeStrip output file:D:\code2\SimpleCalculator-master\entry\build\default\intermediates\stripped_native_libs\default cache.
[2026-06-22T21:06:24.234] [DEBUG] debug-file - Incremental task entry:default@DoNativeStrip post-execution cost:1 ms .
[2026-06-22T21:06:24.235] [DEBUG] debug-file - Update task entry:default@CompileArkTS input file:D:\code2\SimpleCalculator-master\entry\build\default\intermediates\loader\default cache by regenerate.
[2026-06-22T21:06:24.235] [DEBUG] debug-file - Update task entry:default@CompileArkTS input file:D:\code2\SimpleCalculator-master\entry\build\default\intermediates\res\default\ResourceTable.txt cache by regenerate.
[2026-06-22T21:06:24.235] [DEBUG] debug-file - Update task entry:default@CompileArkTS input file:D:\code2\SimpleCalculator-master\entry\build\default\intermediates\res\default\ark_module.json cache by regenerate.
[2026-06-22T21:06:24.235] [DEBUG] debug-file - Update task entry:default@CompileArkTS input file:D:\code2\SimpleCalculator-master\entry\build\default\intermediates\res\default\resources\base\profile cache by regenerate.
[2026-06-22T21:06:24.235] [DEBUG] debug-file - Update task entry:default@CompileArkTS input file:D:\code2\SimpleCalculator-master\entry\src\main\ets cache by regenerate.
[2026-06-22T21:06:24.236] [DEBUG] debug-file - Update task entry:default@CompileArkTS input file:D:\code2\SimpleCalculator-master\entry\build\default\generated\profile\default\BuildProfile.ets cache by regenerate.
[2026-06-22T21:06:24.236] [DEBUG] debug-file - Update task entry:default@CompileArkTS output file:D:\code2\SimpleCalculator-master\entry\build\default\intermediates\loader_out\default\ets cache.
[2026-06-22T21:06:24.237] [DEBUG] debug-file - Incremental task entry:default@CompileArkTS post-execution cost:3 ms .
[2026-06-22T21:06:24.237] [DEBUG] debug-file - Update task entry:default@BuildJS input file:D:\code2\SimpleCalculator-master\entry\build\default\intermediates\loader\default cache by regenerate.
[2026-06-22T21:06:24.238] [DEBUG] debug-file - Update task entry:default@BuildJS input file:D:\code2\SimpleCalculator-master\entry\build\default\intermediates\res\default\ResourceTable.txt cache by regenerate.
[2026-06-22T21:06:24.238] [DEBUG] debug-file - Update task entry:default@BuildJS input file:D:\code2\SimpleCalculator-master\entry\build\default\intermediates\res\default\ark_module.json cache by regenerate.
[2026-06-22T21:06:24.238] [DEBUG] debug-file - Update task entry:default@BuildJS input file:D:\code2\SimpleCalculator-master\entry\build\default\intermediates\res\default\resources\base\profile cache by regenerate.
[2026-06-22T21:06:24.238] [DEBUG] debug-file - Update task entry:default@BuildJS output file:D:\code2\SimpleCalculator-master\entry\build\default\intermediates\loader_out\default\js cache.
[2026-06-22T21:06:24.238] [DEBUG] debug-file - Incremental task entry:default@BuildJS post-execution cost:2 ms .
[2026-06-22T21:06:24.238] [DEBUG] debug-file - Update task entry:default@CacheNativeLibs input file:D:\code2\SimpleCalculator-master\entry\build\default\intermediates\stripped_native_libs\default cache by regenerate.
[2026-06-22T21:06:24.239] [DEBUG] debug-file - Update task entry:default@CacheNativeLibs input file:D:\code2\SimpleCalculator-master\entry\build\default\intermediates\libs\default cache by regenerate.
[2026-06-22T21:06:24.239] [DEBUG] debug-file - Update task entry:default@CacheNativeLibs output file:D:\code2\SimpleCalculator-master\entry\build\default\intermediates\patch\default\base_native_libs.json cache.
[2026-06-22T21:06:24.239] [DEBUG] debug-file - Incremental task entry:default@CacheNativeLibs post-execution cost:1 ms .
[2026-06-22T21:06:24.239] [DEBUG] debug-file - Update task entry:default@GeneratePkgModuleJson input file:D:\code2\SimpleCalculator-master\entry\build\default\intermediates\res\default\module.json cache by regenerate.
[2026-06-22T21:06:24.239] [DEBUG] debug-file - Update task entry:default@GeneratePkgModuleJson output file:D:\code2\SimpleCalculator-master\entry\build\default\intermediates\package\default\module.json cache.
[2026-06-22T21:06:24.239] [DEBUG] debug-file - Incremental task entry:default@GeneratePkgModuleJson post-execution cost:1 ms .
[2026-06-22T21:06:24.239] [DEBUG] debug-file - Incremental task entry:default@ProcessCompiledResources post-execution cost:1 ms .
[2026-06-22T21:06:24.239] [DEBUG] debug-file - Update task entry:default@PackageHap input file:D:\code2\SimpleCalculator-master\entry\build\default\intermediates\stripped_native_libs\default cache by regenerate.
[2026-06-22T21:06:24.239] [DEBUG] debug-file - Update task entry:default@PackageHap input file:D:\code2\SimpleCalculator-master\entry\build\default\intermediates\res\default\module.json cache by regenerate.
[2026-06-22T21:06:24.240] [DEBUG] debug-file - Update task entry:default@PackageHap input file:D:\code2\SimpleCalculator-master\entry\build\default\intermediates\res\default\resources cache by regenerate.
[2026-06-22T21:06:24.240] [DEBUG] debug-file - Update task entry:default@PackageHap input file:D:\code2\SimpleCalculator-master\entry\build\default\intermediates\res\default\resources.index cache by regenerate.
[2026-06-22T21:06:24.240] [DEBUG] debug-file - Update task entry:default@PackageHap input file:D:\code2\SimpleCalculator-master\entry\build\default\outputs\default\pack.info cache by regenerate.
[2026-06-22T21:06:24.241] [DEBUG] debug-file - Update task entry:default@PackageHap input file:D:\code2\SimpleCalculator-master\entry\build\default\intermediates\loader_out\default\ets cache by regenerate.
[2026-06-22T21:06:24.241] [DEBUG] debug-file - Update task entry:default@PackageHap input file:D:\code2\SimpleCalculator-master\entry\build\default\intermediates\loader_out\default\ets\sourceMaps.map cache by regenerate.
[2026-06-22T21:06:24.241] [DEBUG] debug-file - Update task entry:default@PackageHap input file:D:\code2\SimpleCalculator-master\entry\build\default\generated\profile\default\BuildProfile.ets cache by regenerate.
[2026-06-22T21:06:24.241] [DEBUG] debug-file - Update task entry:default@PackageHap output file:D:\code2\SimpleCalculator-master\entry\build\default\outputs\default\entry-default-unsigned.hap cache.
[2026-06-22T21:06:24.241] [DEBUG] debug-file - Update task entry:default@PackageHap output file:D:\code2\SimpleCalculator-master\entry\build\default\intermediates\source_map\default\sourceMaps.map cache.
[2026-06-22T21:06:24.241] [DEBUG] debug-file - Update task entry:default@PackageHap output file:D:\code2\SimpleCalculator-master\entry\build\default\outputs\default\mapping\sourceMaps.map cache.
[2026-06-22T21:06:24.241] [DEBUG] debug-file - Incremental task entry:default@PackageHap post-execution cost:3 ms .
[2026-06-22T21:06:24.241] [DEBUG] debug-file - Update task entry:default@SignHap input file:D:\code2\SimpleCalculator-master\entry\build\default\outputs\default\entry-default-unsigned.hap cache by regenerate.
[2026-06-22T21:06:24.242] [DEBUG] debug-file - Update task entry:default@SignHap output file:D:\code2\SimpleCalculator-master\entry\build\default\outputs\default\entry-default-signed.hap cache.
[2026-06-22T21:06:24.242] [DEBUG] debug-file - Incremental task entry:default@SignHap post-execution cost:1 ms .
[2026-06-22T21:06:24.242] [DEBUG] debug-file - Update task entry:default@CollectDebugSymbol input file:D:\code2\SimpleCalculator-master\entry\build\default\intermediates\loader_out\default\ets\sourceMaps.map cache by regenerate.
[2026-06-22T21:06:24.242] [DEBUG] debug-file - Update task entry:default@CollectDebugSymbol input file:D:\code2\SimpleCalculator-master\entry\build\default\intermediates\libs\default cache by regenerate.
[2026-06-22T21:06:24.242] [DEBUG] debug-file - Update task entry:default@CollectDebugSymbol output file:D:\code2\SimpleCalculator-master\entry\build\default\outputs\default\symbol cache.
[2026-06-22T21:06:24.242] [DEBUG] debug-file - Incremental task entry:default@CollectDebugSymbol post-execution cost:1 ms .
[2026-06-22T21:06:24.274] [DEBUG] debug-file - Cleanup worker 0.
[2026-06-22T21:06:24.274] [DEBUG] debug-file - Worker 0 has been cleaned up.
[2026-06-22T21:06:24.274] [DEBUG] debug-file - Current idle worker size: 4.
[2026-06-22T21:06:24.274] [DEBUG] debug-file - Current resident worker size: 5.
[2026-06-22T21:06:24.274] [DEBUG] debug-file - Cleanup worker 1.
[2026-06-22T21:06:24.274] [DEBUG] debug-file - Worker 1 has been cleaned up.
[2026-06-22T21:06:24.274] [DEBUG] debug-file - Current idle worker size: 3.
[2026-06-22T21:06:24.275] [DEBUG] debug-file - Current resident worker size: 5.
[2026-06-22T21:06:24.275] [DEBUG] debug-file - Cleanup worker 22.
[2026-06-22T21:06:24.275] [DEBUG] debug-file - Worker 22 has been cleaned up.
[2026-06-22T21:06:24.275] [DEBUG] debug-file - Current idle worker size: 2.
[2026-06-22T21:06:24.275] [DEBUG] debug-file - Current resident worker size: 5.
[2026-06-22T21:06:24.275] [DEBUG] debug-file - Cleanup worker 21.
[2026-06-22T21:06:24.275] [DEBUG] debug-file - Worker 21 has been cleaned up.
[2026-06-22T21:06:24.275] [DEBUG] debug-file - Current idle worker size: 1.
[2026-06-22T21:06:24.275] [DEBUG] debug-file - Current resident worker size: 5.
[2026-06-22T21:06:24.276] [DEBUG] debug-file - hvigor build process will be closed.
[2026-06-22T21:06:24.279] [DEBUG] debug-file - session manager: send message to worker process.
[2026-06-22T21:06:24.280] [DEBUG] debug-file - session manager: send message to worker process.
[2026-06-22T21:06:24.277] [DEBUG] debug-file - java daemon socket close code:1000 reason:close by user
[2026-06-22T21:06:24.282] [DEBUG] debug-file - worker[0] exits with exit code 1.
[2026-06-22T21:06:24.283] [DEBUG] debug-file - worker[1] exits with exit code 1.
[2026-06-22T21:06:24.285] [DEBUG] debug-file - watch worker: worker id should be larger than 0. Nothing will be sent to any worker thread.
[2026-06-22T21:06:24.285] [DEBUG] debug-file - watch worker: worker id should be larger than 0. Nothing will be sent to any worker thread.
[2026-06-22T21:06:24.291] [DEBUG] debug-file - worker[22] exits with exit code 1.
[2026-06-22T21:06:24.292] [DEBUG] debug-file - worker[21] exits with exit code 1.
